2018-10-20 23:09:20.533+0000 WARN [o.n.k.i.JvmChecker] You are using an unsupported version of the Java runtime. Please use Oracle(R) Java(TM) Runtime Environment 8, OpenJDK(TM) 8 or IBM J9.
2018-10-20 23:09:20.559+0000 WARN [o.n.i.p.PageCache] The dbms.memory.pagecache.size setting has not been configured. It is recommended that this setting is always explicitly configured, to ensure the system has a balanced configuration. Until then, a computed heuristic value of 6410448896 bytes will be used instead. Run `neo4j-admin memrec` for memory configuration suggestions.
2018-10-20 23:09:20.902+0000 INFO [o.n.k.i.f.CommunityEditionModule] No locking implementation specified, defaulting to 'forseti'
2018-10-20 23:09:21.063+0000 INFO [o.n.k.AvailabilityGuard] Requirement makes database unavailable: Database available
2018-10-20 23:09:21.078+0000 INFO [o.n.k.i.DiagnosticsManager] --- INITIALIZED diagnostics START ---
2018-10-20 23:09:21.078+0000 INFO [o.n.k.i.DiagnosticsManager] Neo4j Kernel properties:
2018-10-20 23:09:21.078+0000 INFO [o.n.k.i.DiagnosticsManager] unsupported.dbms.directories.neo4j_home=D:\Documentos\work\SharedFolder\bases\Project2\JAVA\Neo4jDatabaseGenerator\Neo4jSpecies\databases\species
2018-10-20 23:09:21.078+0000 INFO [o.n.k.i.DiagnosticsManager] unsupported.dbms.edition=community
2018-10-20 23:09:21.078+0000 INFO [o.n.k.i.DiagnosticsManager] unsupported.dbms.ephemeral=false
2018-10-20 23:09:21.078+0000 INFO [o.n.k.i.DiagnosticsManager] Diagnostics providers:
2018-10-20 23:09:21.079+0000 INFO [o.n.k.i.DiagnosticsManager] org.neo4j.kernel.configuration.Config
2018-10-20 23:09:21.079+0000 INFO [o.n.k.i.DiagnosticsManager] org.neo4j.kernel.info.DiagnosticsManager
2018-10-20 23:09:21.079+0000 INFO [o.n.k.i.DiagnosticsManager] SYSTEM_MEMORY
2018-10-20 23:09:21.079+0000 INFO [o.n.k.i.DiagnosticsManager] JAVA_MEMORY
2018-10-20 23:09:21.079+0000 INFO [o.n.k.i.DiagnosticsManager] OPERATING_SYSTEM
2018-10-20 23:09:21.079+0000 INFO [o.n.k.i.DiagnosticsManager] JAVA_VIRTUAL_MACHINE
2018-10-20 23:09:21.079+0000 INFO [o.n.k.i.DiagnosticsManager] CLASSPATH
2018-10-20 23:09:21.079+0000 INFO [o.n.k.i.DiagnosticsManager] LIBRARY_PATH
2018-10-20 23:09:21.079+0000 INFO [o.n.k.i.DiagnosticsManager] SYSTEM_PROPERTIES
2018-10-20 23:09:21.079+0000 INFO [o.n.k.i.DiagnosticsManager] TIMEZONE_DATABASE
2018-10-20 23:09:21.079+0000 INFO [o.n.k.i.DiagnosticsManager] NETWORK
2018-10-20 23:09:21.079+0000 INFO [o.n.k.i.DiagnosticsManager] System memory information:
2018-10-20 23:09:21.081+0000 INFO [o.n.k.i.DiagnosticsManager] Total Physical memory: 15.92 GB
2018-10-20 23:09:21.082+0000 INFO [o.n.k.i.DiagnosticsManager] Free Physical memory: 5.69 GB
2018-10-20 23:09:21.082+0000 INFO [o.n.k.i.DiagnosticsManager] Committed virtual memory: 394.64 MB
2018-10-20 23:09:21.082+0000 INFO [o.n.k.i.DiagnosticsManager] Total swap space: 19.05 GB
2018-10-20 23:09:21.082+0000 INFO [o.n.k.i.DiagnosticsManager] Free swap space: 5.16 GB
2018-10-20 23:09:21.082+0000 INFO [o.n.k.i.DiagnosticsManager] JVM memory information:
2018-10-20 23:09:21.082+0000 INFO [o.n.k.i.DiagnosticsManager] Free  memory: 230.27 MB
2018-10-20 23:09:21.082+0000 INFO [o.n.k.i.DiagnosticsManager] Total memory: 256.00 MB
2018-10-20 23:09:21.082+0000 INFO [o.n.k.i.DiagnosticsManager] Max   memory: 3.98 GB
2018-10-20 23:09:21.093+0000 INFO [o.n.k.i.DiagnosticsManager] Garbage Collector: G1 Young Generation: [G1 Eden Space, G1 Survivor Space]
2018-10-20 23:09:21.093+0000 INFO [o.n.k.i.DiagnosticsManager] Garbage Collector: G1 Old Generation: [G1 Eden Space, G1 Survivor Space, G1 Old Gen]
2018-10-20 23:09:21.094+0000 INFO [o.n.k.i.DiagnosticsManager] Memory Pool: CodeHeap 'non-nmethods' (Non-heap memory): committed=2.44 MB, used=1.11 MB, max=5.56 MB, threshold=0.00 B
2018-10-20 23:09:21.094+0000 INFO [o.n.k.i.DiagnosticsManager] Memory Pool: Metaspace (Non-heap memory): committed=18.13 MB, used=17.47 MB, max=-1.00 B, threshold=0.00 B
2018-10-20 23:09:21.094+0000 INFO [o.n.k.i.DiagnosticsManager] Memory Pool: CodeHeap 'profiled nmethods' (Non-heap memory): committed=4.00 MB, used=4.00 MB, max=117.19 MB, threshold=0.00 B
2018-10-20 23:09:21.094+0000 INFO [o.n.k.i.DiagnosticsManager] Memory Pool: Compressed Class Space (Non-heap memory): committed=2.38 MB, used=2.06 MB, max=1.00 GB, threshold=0.00 B
2018-10-20 23:09:21.095+0000 INFO [o.n.k.i.DiagnosticsManager] Memory Pool: G1 Eden Space (Heap memory): committed=156.00 MB, used=8.00 MB, max=-1.00 B, threshold=?
2018-10-20 23:09:21.095+0000 INFO [o.n.k.i.DiagnosticsManager] Memory Pool: G1 Old Gen (Heap memory): committed=95.00 MB, used=12.73 MB, max=3.98 GB, threshold=0.00 B
2018-10-20 23:09:21.095+0000 INFO [o.n.k.i.DiagnosticsManager] Memory Pool: G1 Survivor Space (Heap memory): committed=5.00 MB, used=5.00 MB, max=-1.00 B, threshold=?
2018-10-20 23:09:21.095+0000 INFO [o.n.k.i.DiagnosticsManager] Memory Pool: CodeHeap 'non-profiled nmethods' (Non-heap memory): committed=2.44 MB, used=886.50 kB, max=117.25 MB, threshold=0.00 B
2018-10-20 23:09:21.095+0000 INFO [o.n.k.i.DiagnosticsManager] Operating system information:
2018-10-20 23:09:21.096+0000 INFO [o.n.k.i.DiagnosticsManager] Operating System: Windows 10; version: 10.0; arch: amd64; cpus: 4
2018-10-20 23:09:21.108+0000 INFO [o.n.k.i.DiagnosticsManager] Process id: 6512@Roberto-PC
2018-10-20 23:09:21.109+0000 INFO [o.n.k.i.DiagnosticsManager] Byte order: LITTLE_ENDIAN
2018-10-20 23:09:21.121+0000 INFO [o.n.k.i.DiagnosticsManager] Local timezone: America/Regina
2018-10-20 23:09:21.122+0000 INFO [o.n.k.i.DiagnosticsManager] JVM information:
2018-10-20 23:09:21.122+0000 INFO [o.n.k.i.DiagnosticsManager] VM Name: Java HotSpot(TM) 64-Bit Server VM
2018-10-20 23:09:21.122+0000 INFO [o.n.k.i.DiagnosticsManager] VM Vendor: "Oracle Corporation"
2018-10-20 23:09:21.122+0000 INFO [o.n.k.i.DiagnosticsManager] VM Version: 10.0.1+10
2018-10-20 23:09:21.122+0000 INFO [o.n.k.i.DiagnosticsManager] JIT compiler: HotSpot 64-Bit Tiered Compilers
2018-10-20 23:09:21.122+0000 INFO [o.n.k.i.DiagnosticsManager] VM Arguments: []
2018-10-20 23:09:21.122+0000 INFO [o.n.k.i.DiagnosticsManager] Java classpath:
2018-10-20 23:09:21.123+0000 INFO [o.n.k.i.DiagnosticsManager]  [classpath] D:\Documentos\work\SharedFolder\bases\Project2\JAVA\Neo4jDatabaseGenerator\Neo4jLib\neo4j-cypher-frontend-2.3-2.3.12.jar
2018-10-20 23:09:21.123+0000 INFO [o.n.k.i.DiagnosticsManager]  [classpath] D:\Documentos\work\SharedFolder\bases\Project2\JAVA\Neo4jDatabaseGenerator\Neo4jLib\neo4j-primitive-collections-3.4.9.jar
2018-10-20 23:09:21.124+0000 INFO [o.n.k.i.DiagnosticsManager]  [classpath] D:\Documentos\work\SharedFolder\bases\Project2\JAVA\Neo4jDatabaseGenerator\Neo4jSpecies
2018-10-20 23:09:21.124+0000 INFO [o.n.k.i.DiagnosticsManager]  [classpath] D:\Documentos\work\SharedFolder\bases\Project2\JAVA\Neo4jDatabaseGenerator\Neo4jLib\lucene-analyzers-common-5.5.5.jar
2018-10-20 23:09:21.124+0000 INFO [o.n.k.i.DiagnosticsManager]  [classpath] D:\Documentos\work\SharedFolder\bases\Project2\JAVA\Neo4jDatabaseGenerator\Neo4jLib\neo4j-kernel-3.4.9.jar
2018-10-20 23:09:21.124+0000 INFO [o.n.k.i.DiagnosticsManager]  [classpath] D:\Documentos\work\SharedFolder\bases\Project2\JAVA\Neo4jDatabaseGenerator\Neo4jLib\concurrentlinkedhashmap-lru-1.4.2.jar
2018-10-20 23:09:21.124+0000 INFO [o.n.k.i.DiagnosticsManager]  [classpath] D:\Documentos\work\SharedFolder\bases\Project2\JAVA\Neo4jDatabaseGenerator\Neo4jLib\neo4j-collections-3.4.9.jar
2018-10-20 23:09:21.124+0000 INFO [o.n.k.i.DiagnosticsManager]  [classpath] D:\Documentos\work\SharedFolder\bases\Project2\JAVA\Neo4jDatabaseGenerator\Neo4jLib\neo4j-security-enterprise-3.4.9.jar
2018-10-20 23:09:21.124+0000 INFO [o.n.k.i.DiagnosticsManager]  [classpath] D:\Documentos\work\SharedFolder\bases\Project2\JAVA\Neo4jDatabaseGenerator\Neo4jLib\simpleclient_dropwizard-0.1.0.jar
2018-10-20 23:09:21.124+0000 INFO [o.n.k.i.DiagnosticsManager]  [classpath] D:\Documentos\work\SharedFolder\bases\Project2\JAVA\Neo4jDatabaseGenerator\Neo4jLib\commons-io-2.6.jar
2018-10-20 23:09:21.124+0000 INFO [o.n.k.i.DiagnosticsManager]  [classpath] D:\Documentos\work\SharedFolder\bases\Project2\JAVA\Neo4jDatabaseGenerator\Neo4jLib\jetty-security-9.4.11.v20180605.jar
2018-10-20 23:09:21.124+0000 INFO [o.n.k.i.DiagnosticsManager]  [classpath] D:\Documentos\work\SharedFolder\bases\Project2\JAVA\Neo4jDatabaseGenerator\Neo4jLib\neo4j-graph-algo-3.4.9.jar
2018-10-20 23:09:21.124+0000 INFO [o.n.k.i.DiagnosticsManager]  [classpath] D:\Documentos\work\SharedFolder\bases\Project2\JAVA\Neo4jDatabaseGenerator\Neo4jLib\neo4j-logging-3.4.9.jar
2018-10-20 23:09:21.124+0000 INFO [o.n.k.i.DiagnosticsManager]  [classpath] D:\Documentos\work\SharedFolder\bases\Project2\JAVA\Neo4jDatabaseGenerator\Neo4jLib\parboiled-scala_2.11-1.1.7.jar
2018-10-20 23:09:21.124+0000 INFO [o.n.k.i.DiagnosticsManager]  [classpath] D:\Documentos\work\SharedFolder\bases\Project2\JAVA\Neo4jDatabaseGenerator\Neo4jLib\kiama_2.11-2.1.0.jar
2018-10-20 23:09:21.124+0000 INFO [o.n.k.i.DiagnosticsManager]  [classpath] D:\Documentos\work\SharedFolder\bases\Project2\JAVA\Neo4jDatabaseGenerator\Neo4jLib\shiro-core-1.4.0.jar
2018-10-20 23:09:21.124+0000 INFO [o.n.k.i.DiagnosticsManager]  [classpath] D:\Documentos\work\SharedFolder\bases\Project2\JAVA\Neo4jDatabaseGenerator\Neo4jLib\neo4j-cluster-3.4.9.jar
2018-10-20 23:09:21.124+0000 INFO [o.n.k.i.DiagnosticsManager]  [classpath] D:\Documentos\work\SharedFolder\bases\Project2\JAVA\Neo4jDatabaseGenerator\Neo4jLib\slf4j-api-1.7.25.jar
2018-10-20 23:09:21.124+0000 INFO [o.n.k.i.DiagnosticsManager]  [classpath] D:\Documentos\work\SharedFolder\bases\Project2\JAVA\Neo4jDatabaseGenerator\Neo4jLib\asm-tree-6.2.jar
2018-10-20 23:09:21.124+0000 INFO [o.n.k.i.DiagnosticsManager]  [classpath] D:\Documentos\work\SharedFolder\bases\Project2\JAVA\Neo4jDatabaseGenerator\Neo4jLib\neo4j-cypher-frontend-3.1-3.1.9.jar
2018-10-20 23:09:21.125+0000 INFO [o.n.k.i.DiagnosticsManager]  [classpath] D:\Documentos\work\SharedFolder\bases\Project2\JAVA\Neo4jDatabaseGenerator\Neo4jLib\neo4j-spatial-index-3.4.9.jar
2018-10-20 23:09:21.125+0000 INFO [o.n.k.i.DiagnosticsManager]  [classpath] D:\Documentos\work\SharedFolder\bases\Project2\JAVA\Neo4jDatabaseGenerator\Neo4jLib\neo4j-management-3.4.9.jar
2018-10-20 23:09:21.125+0000 INFO [o.n.k.i.DiagnosticsManager]  [classpath] D:\Documentos\work\SharedFolder\bases\Project2\JAVA\Neo4jDatabaseGenerator\Neo4jLib\jersey-servlet-1.19.3.jar
2018-10-20 23:09:21.125+0000 INFO [o.n.k.i.DiagnosticsManager]  [classpath] D:\Documentos\work\SharedFolder\bases\Project2\JAVA\Neo4jDatabaseGenerator\Neo4jLib\neo4j-cypher-planner-spi-3.4-3.4.9.jar
2018-10-20 23:09:21.125+0000 INFO [o.n.k.i.DiagnosticsManager]  [classpath] D:\Documentos\work\SharedFolder\bases\Project2\JAVA\Neo4jDatabaseGenerator\Neo4jLib\hazelcast-all-3.7.8.jar
2018-10-20 23:09:21.125+0000 INFO [o.n.k.i.DiagnosticsManager]  [classpath] D:\Documentos\work\SharedFolder\bases\Project2\JAVA\Neo4jDatabaseGenerator\Neo4jLib\neo4j-cypher-interpreted-runtime-3.4.9.jar
2018-10-20 23:09:21.125+0000 INFO [o.n.k.i.DiagnosticsManager]  [classpath] D:\Documentos\work\SharedFolder\bases\Project2\JAVA\Neo4jDatabaseGenerator\Neo4jLib\neo4j-values-3.4.9.jar
2018-10-20 23:09:21.125+0000 INFO [o.n.k.i.DiagnosticsManager]  [classpath] D:\Documentos\work\SharedFolder\bases\Project2\JAVA\Neo4jDatabaseGenerator\Neo4jLib\shiro-config-core-1.4.0.jar
2018-10-20 23:09:21.125+0000 INFO [o.n.k.i.DiagnosticsManager]  [classpath] D:\Documentos\work\SharedFolder\bases\Project2\JAVA\Neo4jDatabaseGenerator\Neo4jLib\shiro-crypto-hash-1.4.0.jar
2018-10-20 23:09:21.125+0000 INFO [o.n.k.i.DiagnosticsManager]  [classpath] D:\Documentos\work\SharedFolder\bases\Project2\JAVA\Neo4jDatabaseGenerator\Neo4jLib\neo4j-cypher-planner-3.4-3.4.9.jar
2018-10-20 23:09:21.125+0000 INFO [o.n.k.i.DiagnosticsManager]  [classpath] D:\Documentos\work\SharedFolder\bases\Project2\JAVA\Neo4jDatabaseGenerator\Neo4jLib\simpleclient_httpserver-0.1.0.jar
2018-10-20 23:09:21.125+0000 INFO [o.n.k.i.DiagnosticsManager]  [classpath] D:\Documentos\work\SharedFolder\bases\Project2\JAVA\Neo4jDatabaseGenerator\Neo4jLib\netty-3.9.9.Final.jar
2018-10-20 23:09:21.125+0000 INFO [o.n.k.i.DiagnosticsManager]  [classpath] D:\Documentos\work\SharedFolder\bases\Project2\JAVA\Neo4jDatabaseGenerator\Neo4jLib\lucene-codecs-5.5.5.jar
2018-10-20 23:09:21.125+0000 INFO [o.n.k.i.DiagnosticsManager]  [classpath] D:\Documentos\work\SharedFolder\bases\Project2\JAVA\Neo4jDatabaseGenerator\Neo4jLib\opencsv-2.3.jar
2018-10-20 23:09:21.125+0000 INFO [o.n.k.i.DiagnosticsManager]  [classpath] D:\Documentos\work\SharedFolder\bases\Project2\JAVA\Neo4jDatabaseGenerator\Neo4jLib\lucene-queryparser-5.5.5.jar
2018-10-20 23:09:21.125+0000 INFO [o.n.k.i.DiagnosticsManager]  [classpath] D:\Documentos\work\SharedFolder\bases\Project2\JAVA\Neo4jDatabaseGenerator\Neo4jLib\neo4j-ssl-3.4.9.jar
2018-10-20 23:09:21.125+0000 INFO [o.n.k.i.DiagnosticsManager]  [classpath] D:\Documentos\work\SharedFolder\bases\Project2\JAVA\Neo4jDatabaseGenerator\Neo4jLib\commons-lang-2.6.jar
2018-10-20 23:09:21.125+0000 INFO [o.n.k.i.DiagnosticsManager]  [classpath] D:\Documentos\work\SharedFolder\bases\Project2\JAVA\Neo4jDatabaseGenerator\Neo4jLib\neo4j-cypher-util-3.4-3.4.9.jar
2018-10-20 23:09:21.125+0000 INFO [o.n.k.i.DiagnosticsManager]  [classpath] D:\Documentos\work\SharedFolder\bases\Project2\JAVA\Neo4jDatabaseGenerator\Neo4jLib\neo4j-cypher-3.4.9.jar
2018-10-20 23:09:21.126+0000 INFO [o.n.k.i.DiagnosticsManager]  [classpath] D:\Documentos\work\SharedFolder\bases\Project2\JAVA\Neo4jDatabaseGenerator\Neo4jLib\shiro-cache-1.4.0.jar
2018-10-20 23:09:21.126+0000 INFO [o.n.k.i.DiagnosticsManager]  [classpath] D:\Documentos\work\SharedFolder\bases\Project2\JAVA\Neo4jDatabaseGenerator\Neo4jLib\neo4j-configuration-3.4.9.jar
2018-10-20 23:09:21.126+0000 INFO [o.n.k.i.DiagnosticsManager]  [classpath] D:\Documentos\work\SharedFolder\bases\Project2\JAVA\Neo4jDatabaseGenerator\Neo4jLib\asm-util-6.2.jar
2018-10-20 23:09:21.126+0000 INFO [o.n.k.i.DiagnosticsManager]  [classpath] D:\Documentos\work\SharedFolder\bases\Project2\JAVA\Neo4jDatabaseGenerator\Neo4jLib\neo4j-enterprise-cypher-3.4.9.jar
2018-10-20 23:09:21.126+0000 INFO [o.n.k.i.DiagnosticsManager]  [classpath] D:\Documentos\work\SharedFolder\bases\Project2\JAVA\Neo4jDatabaseGenerator\Neo4jLib\neo4j-graphdb-api-3.4.9.jar
2018-10-20 23:09:21.126+0000 INFO [o.n.k.i.DiagnosticsManager]  [classpath] D:\Documentos\work\SharedFolder\bases\Project2\JAVA\Neo4jDatabaseGenerator\Neo4jLib\neo4j-enterprise-kernel-3.4.9.jar
2018-10-20 23:09:21.126+0000 INFO [o.n.k.i.DiagnosticsManager]  [classpath] D:\Documentos\work\SharedFolder\bases\Project2\JAVA\Neo4jDatabaseGenerator\Neo4jLib\shiro-crypto-core-1.4.0.jar
2018-10-20 23:09:21.126+0000 INFO [o.n.k.i.DiagnosticsManager]  [classpath] D:\Documentos\work\SharedFolder\bases\Project2\JAVA\Neo4jDatabaseGenerator\Neo4jLib\neo4j-index-3.4.9.jar
2018-10-20 23:09:21.126+0000 INFO [o.n.k.i.DiagnosticsManager]  [classpath] D:\Documentos\work\SharedFolder\bases\Project2\JAVA\Neo4jDatabaseGenerator\Neo4jLib\openCypher-frontend-1-3.4.9.jar
2018-10-20 23:09:21.126+0000 INFO [o.n.k.i.DiagnosticsManager]  [classpath] D:\Documentos\work\SharedFolder\bases\Project2\JAVA\Neo4jDatabaseGenerator\Neo4jLib\commons-beanutils-1.9.3.jar
2018-10-20 23:09:21.126+0000 INFO [o.n.k.i.DiagnosticsManager]  [classpath] D:\Documentos\work\SharedFolder\bases\Project2\JAVA\Neo4jDatabaseGenerator\Neo4jLib\scallop_2.11-2.1.1.jar
2018-10-20 23:09:21.126+0000 INFO [o.n.k.i.DiagnosticsManager]  [classpath] D:\Documentos\work\SharedFolder\bases\Project2\JAVA\Neo4jDatabaseGenerator\Neo4jLib\neo4j-dbms-3.4.9.jar
2018-10-20 23:09:21.126+0000 INFO [o.n.k.i.DiagnosticsManager]  [classpath] D:\Documentos\work\SharedFolder\bases\Project2\JAVA\Neo4jDatabaseGenerator\Neo4jLib\jPowerShell-1.9.jar
2018-10-20 23:09:21.126+0000 INFO [o.n.k.i.DiagnosticsManager]  [classpath] D:\Documentos\work\SharedFolder\bases\Project2\JAVA\Neo4jDatabaseGenerator\Neo4jLib\caffeine-2.6.2.jar
2018-10-20 23:09:21.126+0000 INFO [o.n.k.i.DiagnosticsManager]  [classpath] D:\Documentos\work\SharedFolder\bases\Project2\JAVA\Neo4jDatabaseGenerator\Neo4jLib\shiro-crypto-cipher-1.4.0.jar
2018-10-20 23:09:21.126+0000 INFO [o.n.k.i.DiagnosticsManager]  [classpath] D:\Documentos\work\SharedFolder\bases\Project2\JAVA\Neo4jDatabaseGenerator\Neo4jLib\neo4j-codegen-3.4.9.jar
2018-10-20 23:09:21.126+0000 INFO [o.n.k.i.DiagnosticsManager]  [classpath] D:\Documentos\work\SharedFolder\bases\Project2\JAVA\Neo4jDatabaseGenerator\Neo4jLib\WMI4Java-1.6.1.jar
2018-10-20 23:09:21.126+0000 INFO [o.n.k.i.DiagnosticsManager]  [classpath] D:\Documentos\work\SharedFolder\bases\Project2\JAVA\Neo4jDatabaseGenerator\Neo4jLib\jackson-core-asl-1.9.13.jar
2018-10-20 23:09:21.127+0000 INFO [o.n.k.i.DiagnosticsManager]  [classpath] D:\Documentos\work\SharedFolder\bases\Project2\JAVA\Neo4jDatabaseGenerator\Neo4jLib\neo4j-cypher-compiler-2.3-2.3.12.jar
2018-10-20 23:09:21.127+0000 INFO [o.n.k.i.DiagnosticsManager]  [classpath] D:\Documentos\work\SharedFolder\bases\Project2\JAVA\Neo4jDatabaseGenerator\Neo4jLib\jackson-jaxrs-1.9.13.jar
2018-10-20 23:09:21.127+0000 INFO [o.n.k.i.DiagnosticsManager]  [classpath] D:\Documentos\work\SharedFolder\bases\Project2\JAVA\Neo4jDatabaseGenerator\Neo4jLib\shiro-lang-1.4.0.jar
2018-10-20 23:09:21.127+0000 INFO [o.n.k.i.DiagnosticsManager]  [classpath] D:\Documentos\work\SharedFolder\bases\Project2\JAVA\Neo4jDatabaseGenerator\Neo4jLib\neo4j-lucene-upgrade-3.4.9.jar
2018-10-20 23:09:21.127+0000 INFO [o.n.k.i.DiagnosticsManager]  [classpath] D:\Documentos\work\SharedFolder\bases\Project2\JAVA\Neo4jDatabaseGenerator\Neo4jLib\neo4j-cypher-compiler-3.1-3.1.9.jar
2018-10-20 23:09:21.127+0000 INFO [o.n.k.i.DiagnosticsManager]  [classpath] D:\Documentos\work\SharedFolder\bases\Project2\JAVA\Neo4jDatabaseGenerator\Neo4jLib\neo4j-backup-3.4.9.jar
2018-10-20 23:09:21.127+0000 INFO [o.n.k.i.DiagnosticsManager]  [classpath] D:\Documentos\work\SharedFolder\bases\Project2\JAVA\Neo4jDatabaseGenerator\Neo4jLib\jetty-io-9.4.11.v20180605.jar
2018-10-20 23:09:21.127+0000 INFO [o.n.k.i.DiagnosticsManager]  [classpath] D:\Documentos\work\SharedFolder\bases\Project2\JAVA\Neo4jDatabaseGenerator\Neo4jLib\jetty-webapp-9.4.11.v20180605.jar
2018-10-20 23:09:21.127+0000 INFO [o.n.k.i.DiagnosticsManager]  [classpath] D:\Documentos\work\SharedFolder\bases\Project2\JAVA\Neo4jDatabaseGenerator\Neo4jLib\scala-reflect-2.11.12.jar
2018-10-20 23:09:21.127+0000 INFO [o.n.k.i.DiagnosticsManager]  [classpath] D:\Documentos\work\SharedFolder\bases\Project2\JAVA\Neo4jDatabaseGenerator\Neo4jLib\parboiled-core-1.1.7.jar
2018-10-20 23:09:21.127+0000 INFO [o.n.k.i.DiagnosticsManager]  [classpath] D:\Documentos\work\SharedFolder\bases\Project2\JAVA\Neo4jDatabaseGenerator\Neo4jLib\metrics-graphite-4.0.2.jar
2018-10-20 23:09:21.127+0000 INFO [o.n.k.i.DiagnosticsManager]  [classpath] D:\Documentos\work\SharedFolder\bases\Project2\JAVA\Neo4jDatabaseGenerator\Neo4jLib\jProcesses-1.6.4.jar
2018-10-20 23:09:21.127+0000 INFO [o.n.k.i.DiagnosticsManager]  [classpath] D:\Documentos\work\SharedFolder\bases\Project2\JAVA\Neo4jDatabaseGenerator\Neo4jLib\asm-analysis-6.2.jar
2018-10-20 23:09:21.127+0000 INFO [o.n.k.i.DiagnosticsManager]  [classpath] D:\Documentos\work\SharedFolder\bases\Project2\JAVA\Neo4jDatabaseGenerator\Neo4jLib\neo4j-ha-3.4.9.jar
2018-10-20 23:09:21.127+0000 INFO [o.n.k.i.DiagnosticsManager]  [classpath] D:\Documentos\work\SharedFolder\bases\Project2\JAVA\Neo4jDatabaseGenerator\Neo4jLib\neo4j-lucene-index-3.4.9.jar
2018-10-20 23:09:21.127+0000 INFO [o.n.k.i.DiagnosticsManager]  [classpath] D:\Documentos\work\SharedFolder\bases\Project2\JAVA\Neo4jDatabaseGenerator\Neo4jLib\neo4j-cypher-expression-3.4-3.4.9.jar
2018-10-20 23:09:21.127+0000 INFO [o.n.k.i.DiagnosticsManager]  [classpath] D:\Documentos\work\SharedFolder\bases\Project2\JAVA\Neo4jDatabaseGenerator\Neo4jLib\neo4j-cypher-ir-3.4-3.4.9.jar
2018-10-20 23:09:21.127+0000 INFO [o.n.k.i.DiagnosticsManager]  [classpath] D:\Documentos\work\SharedFolder\bases\Project2\JAVA\Neo4jDatabaseGenerator\Neo4jLib\neo4j-jmx-3.4.9.jar
2018-10-20 23:09:21.128+0000 INFO [o.n.k.i.DiagnosticsManager]  [classpath] D:\Documentos\work\SharedFolder\bases\Project2\JAVA\Neo4jDatabaseGenerator\Neo4jLib\neo4j-cypher-runtime-util-3.4.9.jar
2018-10-20 23:09:21.128+0000 INFO [o.n.k.i.DiagnosticsManager]  [classpath] D:\Documentos\work\SharedFolder\bases\Project2\JAVA\Neo4jDatabaseGenerator\Neo4jLib\asm-6.2.jar
2018-10-20 23:09:21.128+0000 INFO [o.n.k.i.DiagnosticsManager]  [classpath] D:\Documentos\work\SharedFolder\bases\Project2\JAVA\Neo4jDatabaseGenerator\Neo4jLib\commons-compress-1.16.1.jar
2018-10-20 23:09:21.128+0000 INFO [o.n.k.i.DiagnosticsManager]  [classpath] D:\Documentos\work\SharedFolder\bases\Project2\JAVA\Neo4jDatabaseGenerator\Neo4jLib\neo4j-cypher-logical-plans-3.4-3.4.9.jar
2018-10-20 23:09:21.128+0000 INFO [o.n.k.i.DiagnosticsManager]  [classpath] D:\Documentos\work\SharedFolder\bases\Project2\JAVA\Neo4jDatabaseGenerator\Neo4jLib\shiro-config-ogdl-1.4.0.jar
2018-10-20 23:09:21.128+0000 INFO [o.n.k.i.DiagnosticsManager]  [classpath] D:\Documentos\work\SharedFolder\bases\Project2\JAVA\Neo4jDatabaseGenerator\Neo4jLib\neo4j-cypher-frontend-3.3-3.3.7.jar
2018-10-20 23:09:21.128+0000 INFO [o.n.k.i.DiagnosticsManager]  [classpath] D:\Documentos\work\SharedFolder\bases\Project2\JAVA\Neo4jDatabaseGenerator\Neo4jLib\bcpkix-jdk15on-1.60.jar
2018-10-20 23:09:21.128+0000 INFO [o.n.k.i.DiagnosticsManager]  [classpath] D:\Documentos\work\SharedFolder\bases\Project2\JAVA\Neo4jDatabaseGenerator\Neo4jLib\commons-collections-3.2.2.jar
2018-10-20 23:09:21.128+0000 INFO [o.n.k.i.DiagnosticsManager]  [classpath] D:\Documentos\work\SharedFolder\bases\Project2\JAVA\Neo4jDatabaseGenerator\Neo4jLib\neo4j-cypher-compiler-3.3-3.3.7.jar
2018-10-20 23:09:21.128+0000 INFO [o.n.k.i.DiagnosticsManager]  [classpath] D:\Documentos\work\SharedFolder\bases\Project2\JAVA\Neo4jDatabaseGenerator\Neo4jLib\neo4j-kernel-api-3.4.9.jar
2018-10-20 23:09:21.128+0000 INFO [o.n.k.i.DiagnosticsManager]  [classpath] D:\Documentos\work\SharedFolder\bases\Project2\JAVA\Neo4jDatabaseGenerator\Neo4jLib\neo4j-causal-clustering-3.4.9.jar
2018-10-20 23:09:21.128+0000 INFO [o.n.k.i.DiagnosticsManager]  [classpath] D:\Documentos\work\SharedFolder\bases\Project2\JAVA\Neo4jDatabaseGenerator\Neo4jLib\neo4j-shell-3.4.9.jar
2018-10-20 23:09:21.128+0000 INFO [o.n.k.i.DiagnosticsManager]  [classpath] D:\Documentos\work\SharedFolder\bases\Project2\JAVA\Neo4jDatabaseGenerator\Neo4jLib\commons-lang3-3.7.jar
2018-10-20 23:09:21.128+0000 INFO [o.n.k.i.DiagnosticsManager]  [classpath] D:\Documentos\work\SharedFolder\bases\Project2\JAVA\Neo4jDatabaseGenerator\Neo4jLib\scala-library-2.11.12.jar
2018-10-20 23:09:21.128+0000 INFO [o.n.k.i.DiagnosticsManager]  [classpath] D:\Documentos\work\SharedFolder\bases\Project2\JAVA\Neo4jDatabaseGenerator\Neo4jLib\neo4j-auth-plugin-api-3.4.9.jar
2018-10-20 23:09:21.128+0000 INFO [o.n.k.i.DiagnosticsManager]  [classpath] D:\Documentos\work\SharedFolder\bases\Project2\JAVA\Neo4jDatabaseGenerator\Neo4jLib\neo4j-cypher-morsel-runtime-3.4.9.jar
2018-10-20 23:09:21.128+0000 INFO [o.n.k.i.DiagnosticsManager]  [classpath] D:\Documentos\work\SharedFolder\bases\Project2\JAVA\Neo4jDatabaseGenerator\Neo4jLib\rhino-1.7.9.jar
2018-10-20 23:09:21.128+0000 INFO [o.n.k.i.DiagnosticsManager]  [classpath] D:\Documentos\work\SharedFolder\bases\Project2\JAVA\Neo4jDatabaseGenerator\Neo4jLib\slf4j-nop-1.7.25.jar
2018-10-20 23:09:21.128+0000 INFO [o.n.k.i.DiagnosticsManager]  [classpath] D:\Documentos\work\SharedFolder\bases\Project2\JAVA\Neo4jDatabaseGenerator\Neo4jLib\neo4j-causal-clustering-commercial-3.4.9.jar
2018-10-20 23:09:21.128+0000 INFO [o.n.k.i.DiagnosticsManager]  [classpath] D:\Documentos\work\SharedFolder\bases\Project2\JAVA\Neo4jDatabaseGenerator\Neo4jLib\server-api-3.4.9.jar
2018-10-20 23:09:21.128+0000 INFO [o.n.k.i.DiagnosticsManager]  [classpath] D:\Documentos\work\SharedFolder\bases\Project2\JAVA\Neo4jDatabaseGenerator\Neo4jLib\shiro-event-1.4.0.jar
2018-10-20 23:09:21.128+0000 INFO [o.n.k.i.DiagnosticsManager]  [classpath] D:\Documentos\work\SharedFolder\bases\Project2\JAVA\Neo4jDatabaseGenerator\Neo4jLib\jetty-servlet-9.4.11.v20180605.jar
2018-10-20 23:09:21.128+0000 INFO [o.n.k.i.DiagnosticsManager]  [classpath] D:\Documentos\work\SharedFolder\bases\Project2\JAVA\Neo4jDatabaseGenerator\Neo4jLib\neo4j-server-commercial-3.4.9.jar
2018-10-20 23:09:21.128+0000 INFO [o.n.k.i.DiagnosticsManager]  [classpath] D:\Documentos\work\SharedFolder\bases\Project2\JAVA\Neo4jDatabaseGenerator\Neo4jLib\neo4j-browser-3.2.10.jar
2018-10-20 23:09:21.129+0000 INFO [o.n.k.i.DiagnosticsManager]  [classpath] D:\Documentos\work\SharedFolder\bases\Project2\JAVA\Neo4jDatabaseGenerator\Neo4jLib\neo4j-resource-3.4.9.jar
2018-10-20 23:09:21.129+0000 INFO [o.n.k.i.DiagnosticsManager]  [classpath] D:\Documentos\work\SharedFolder\bases\Project2\JAVA\Neo4jDatabaseGenerator\Neo4jLib\jackson-mapper-asl-1.9.13.jar
2018-10-20 23:09:21.129+0000 INFO [o.n.k.i.DiagnosticsManager]  [classpath] D:\Documentos\work\SharedFolder\bases\Project2\JAVA\Neo4jDatabaseGenerator\Neo4jLib\neo4j-kernel-commercial-3.4.9.jar
2018-10-20 23:09:21.129+0000 INFO [o.n.k.i.DiagnosticsManager]  [classpath] D:\Documentos\work\SharedFolder\bases\Project2\JAVA\Neo4jDatabaseGenerator\Neo4jLib\neo4j-server-3.4.9.jar
2018-10-20 23:09:21.129+0000 INFO [o.n.k.i.DiagnosticsManager]  [classpath] D:\Documentos\work\SharedFolder\bases\Project2\JAVA\Neo4jDatabaseGenerator\Neo4jLib\commons-configuration-1.10.jar
2018-10-20 23:09:21.129+0000 INFO [o.n.k.i.DiagnosticsManager]  [classpath] D:\Documentos\work\SharedFolder\bases\Project2\JAVA\Neo4jDatabaseGenerator\Neo4jLib\neo4j-server-enterprise-3.4.9.jar
2018-10-20 23:09:21.129+0000 INFO [o.n.k.i.DiagnosticsManager]  [classpath] D:\Documentos\work\SharedFolder\bases\Project2\JAVA\Neo4jDatabaseGenerator\Neo4jLib\neo4j-io-3.4.9.jar
2018-10-20 23:09:21.129+0000 INFO [o.n.k.i.DiagnosticsManager]  [classpath] D:\Documentos\work\SharedFolder\bases\Project2\JAVA\Neo4jDatabaseGenerator\Neo4jLib\jersey-server-1.19.3.jar
2018-10-20 23:09:21.129+0000 INFO [o.n.k.i.DiagnosticsManager]  [classpath] D:\Documentos\work\SharedFolder\bases\Project2\JAVA\Neo4jDatabaseGenerator\Neo4jLib\neo4j-procedure-api-3.4.9.jar
2018-10-20 23:09:21.129+0000 INFO [o.n.k.i.DiagnosticsManager]  [classpath] D:\Documentos\work\SharedFolder\bases\Project2\JAVA\Neo4jDatabaseGenerator\Neo4jLib\netty-all-4.1.24.Final.jar
2018-10-20 23:09:21.129+0000 INFO [o.n.k.i.DiagnosticsManager]  [classpath] D:\Documentos\work\SharedFolder\bases\Project2\JAVA\Neo4jDatabaseGenerator\Neo4jLib\lucene-core-5.5.5.jar
2018-10-20 23:09:21.129+0000 INFO [o.n.k.i.DiagnosticsManager]  [classpath] D:\Documentos\work\SharedFolder\bases\Project2\JAVA\Neo4jDatabaseGenerator\Neo4jLib\jetty-http-9.4.11.v20180605.jar
2018-10-20 23:09:21.129+0000 INFO [o.n.k.i.DiagnosticsManager]  [classpath] D:\Documentos\work\SharedFolder\bases\Project2\JAVA\Neo4jDatabaseGenerator\Neo4jLib\neo4j-common-3.4.9.jar
2018-10-20 23:09:21.129+0000 INFO [o.n.k.i.DiagnosticsManager]  [classpath] D:\Documentos\work\SharedFolder\bases\Project2\JAVA\Neo4jDatabaseGenerator\Neo4jLib\neo4j-import-tool-3.4.9.jar
2018-10-20 23:09:21.130+0000 INFO [o.n.k.i.DiagnosticsManager]  [classpath] D:\Documentos\work\SharedFolder\bases\Project2\JAVA\Neo4jDatabaseGenerator\Neo4jLib\jetty-util-9.4.11.v20180605.jar
2018-10-20 23:09:21.130+0000 INFO [o.n.k.i.DiagnosticsManager]  [classpath] D:\Documentos\work\SharedFolder\bases\Project2\JAVA\Neo4jDatabaseGenerator\Neo4jLib\neo4j-udc-3.4.9.jar
2018-10-20 23:09:21.130+0000 INFO [o.n.k.i.DiagnosticsManager]  [classpath] D:\Documentos\work\SharedFolder\bases\Project2\JAVA\Neo4jDatabaseGenerator\Neo4jLib\jersey-core-1.19.3.jar
2018-10-20 23:09:21.130+0000 INFO [o.n.k.i.DiagnosticsManager]  [classpath] D:\Documentos\work\SharedFolder\bases\Project2\JAVA\Neo4jDatabaseGenerator\Neo4jLib\neo4j-consistency-check-3.4.9.jar
2018-10-20 23:09:21.130+0000 INFO [o.n.k.i.DiagnosticsManager]  [classpath] D:\Documentos\work\SharedFolder\bases\Project2\JAVA\Neo4jDatabaseGenerator\Neo4jLib\commons-text-1.3.jar
2018-10-20 23:09:21.130+0000 INFO [o.n.k.i.DiagnosticsManager]  [classpath] D:\Documentos\work\SharedFolder\bases\Project2\JAVA\Neo4jDatabaseGenerator\Neo4jLib\neo4j-metrics-3.4.9.jar
2018-10-20 23:09:21.130+0000 INFO [o.n.k.i.DiagnosticsManager]  [classpath] D:\Documentos\work\SharedFolder\bases\Project2\JAVA\Neo4jDatabaseGenerator\Neo4jLib\neo4j-cypher-physical-planning-3.4.9.jar
2018-10-20 23:09:21.130+0000 INFO [o.n.k.i.DiagnosticsManager]  [classpath] D:\Documentos\work\SharedFolder\bases\Project2\JAVA\Neo4jDatabaseGenerator\Neo4jLib\jline-2.12.jar
2018-10-20 23:09:21.130+0000 INFO [o.n.k.i.DiagnosticsManager]  [classpath] D:\Documentos\work\SharedFolder\bases\Project2\JAVA\Neo4jDatabaseGenerator\Neo4jLib\jetty-xml-9.4.11.v20180605.jar
2018-10-20 23:09:21.130+0000 INFO [o.n.k.i.DiagnosticsManager]  [classpath] D:\Documentos\work\SharedFolder\bases\Project2\JAVA\Neo4jDatabaseGenerator\Neo4jLib\neo4j-bolt-3.4.9.jar
2018-10-20 23:09:21.130+0000 INFO [o.n.k.i.DiagnosticsManager]  [classpath] D:\Documentos\work\SharedFolder\bases\Project2\JAVA\Neo4jDatabaseGenerator\Neo4jLib\simpleclient_common-0.1.0.jar
2018-10-20 23:09:21.130+0000 INFO [o.n.k.i.DiagnosticsManager]  [classpath] D:\Documentos\work\SharedFolder\bases\Project2\JAVA\Neo4jDatabaseGenerator\Neo4jLib\javax.servlet-api-3.1.0.jar
2018-10-20 23:09:21.130+0000 INFO [o.n.k.i.DiagnosticsManager]  [classpath] D:\Documentos\work\SharedFolder\bases\Project2\JAVA\Neo4jDatabaseGenerator\Neo4jLib\neo4j-csv-3.4.9.jar
2018-10-20 23:09:21.130+0000 INFO [o.n.k.i.DiagnosticsManager]  [classpath] D:\Documentos\work\SharedFolder\bases\Project2\JAVA\Neo4jDatabaseGenerator\Neo4jLib\neo4j-cypher-slotted-runtime-3.4.9.jar
2018-10-20 23:09:21.130+0000 INFO [o.n.k.i.DiagnosticsManager]  [classpath] D:\Documentos\work\SharedFolder\bases\Project2\JAVA\Neo4jDatabaseGenerator\Neo4jLib\jsr311-api-1.1.2.r612.jar
2018-10-20 23:09:21.130+0000 INFO [o.n.k.i.DiagnosticsManager]  [classpath] D:\Documentos\work\SharedFolder\bases\Project2\JAVA\Neo4jDatabaseGenerator\Neo4jLib\neo4j-command-line-3.4.9.jar
2018-10-20 23:09:21.130+0000 INFO [o.n.k.i.DiagnosticsManager]  [classpath] D:\Documentos\work\SharedFolder\bases\Project2\JAVA\Neo4jDatabaseGenerator\Neo4jLib\lz4-1.3.0.jar
2018-10-20 23:09:21.130+0000 INFO [o.n.k.i.DiagnosticsManager]  [classpath] D:\Documentos\work\SharedFolder\bases\Project2\JAVA\Neo4jDatabaseGenerator\Neo4jLib\neo4j-unsafe-3.4.9.jar
2018-10-20 23:09:21.131+0000 INFO [o.n.k.i.DiagnosticsManager]  [classpath] D:\Documentos\work\SharedFolder\bases\Project2\JAVA\Neo4jDatabaseGenerator\Neo4jLib\simpleclient-0.1.0.jar
2018-10-20 23:09:21.131+0000 INFO [o.n.k.i.DiagnosticsManager]  [classpath] D:\Documentos\work\SharedFolder\bases\Project2\JAVA\Neo4jDatabaseGenerator\Neo4jLib\neo4j-com-3.4.9.jar
2018-10-20 23:09:21.131+0000 INFO [o.n.k.i.DiagnosticsManager]  [classpath] D:\Documentos\work\SharedFolder\bases\Project2\JAVA\Neo4jDatabaseGenerator\Neo4jLib\neo4j-graph-matching-3.1.9.jar
2018-10-20 23:09:21.131+0000 INFO [o.n.k.i.DiagnosticsManager]  [classpath] D:\Documentos\work\SharedFolder\bases\Project2\JAVA\Neo4jDatabaseGenerator\Neo4jLib\neo4j-security-3.4.9.jar
2018-10-20 23:09:21.131+0000 INFO [o.n.k.i.DiagnosticsManager]  [classpath] D:\Documentos\work\SharedFolder\bases\Project2\JAVA\Neo4jDatabaseGenerator\Neo4jLib\neo4j-cypher-logical-plans-3.3-3.3.7.jar
2018-10-20 23:09:21.131+0000 INFO [o.n.k.i.DiagnosticsManager]  [classpath] D:\Documentos\work\SharedFolder\bases\Project2\JAVA\Neo4jDatabaseGenerator\Neo4jLib\metrics-core-4.0.2.jar
2018-10-20 23:09:21.131+0000 INFO [o.n.k.i.DiagnosticsManager]  [classpath] D:\Documentos\work\SharedFolder\bases\Project2\JAVA\Neo4jDatabaseGenerator\Neo4jLib\neo4j-query-logging-3.4.9.jar
2018-10-20 23:09:21.131+0000 INFO [o.n.k.i.DiagnosticsManager]  [classpath] D:\Documentos\work\SharedFolder\bases\Project2\JAVA\Neo4jDatabaseGenerator\Neo4jLib\bcprov-jdk15on-1.60.jar
2018-10-20 23:09:21.131+0000 INFO [o.n.k.i.DiagnosticsManager]  [classpath] D:\Documentos\work\SharedFolder\bases\Project2\JAVA\Neo4jDatabaseGenerator\Neo4jLib\neo4j-cypher-ir-3.3-3.3.7.jar
2018-10-20 23:09:21.131+0000 INFO [o.n.k.i.DiagnosticsManager]  [classpath] D:\Documentos\work\SharedFolder\bases\Project2\JAVA\Neo4jDatabaseGenerator\Neo4jLib\jetty-server-9.4.11.v20180605.jar
2018-10-20 23:09:21.131+0000 INFO [o.n.k.i.DiagnosticsManager]  [classpath] D:\Documentos\work\SharedFolder\bases\Project2\JAVA\Neo4jDatabaseGenerator\Neo4jLib\commons-logging-1.1.1.jar
2018-10-20 23:09:21.131+0000 INFO [o.n.k.i.DiagnosticsManager] Library path:
2018-10-20 23:09:21.132+0000 INFO [o.n.k.i.DiagnosticsManager] C:\Program Files (x86)\Common Files\Oracle\Java\javapath
2018-10-20 23:09:21.132+0000 INFO [o.n.k.i.DiagnosticsManager] C:\Windows\Sun\Java\bin
2018-10-20 23:09:21.132+0000 INFO [o.n.k.i.DiagnosticsManager] C:\Windows\System32
2018-10-20 23:09:21.132+0000 INFO [o.n.k.i.DiagnosticsManager] C:\Windows
2018-10-20 23:09:21.133+0000 INFO [o.n.k.i.DiagnosticsManager] C:\Program Files\Python\Scripts
2018-10-20 23:09:21.133+0000 INFO [o.n.k.i.DiagnosticsManager] C:\Program Files\Python
2018-10-20 23:09:21.133+0000 INFO [o.n.k.i.DiagnosticsManager] C:\Program Files (x86)\Common Files\Oracle\Java\javapath
2018-10-20 23:09:21.133+0000 INFO [o.n.k.i.DiagnosticsManager] C:\Windows\System32
2018-10-20 23:09:21.133+0000 INFO [o.n.k.i.DiagnosticsManager] C:\Windows
2018-10-20 23:09:21.133+0000 INFO [o.n.k.i.DiagnosticsManager] C:\Windows\System32\wbem
2018-10-20 23:09:21.133+0000 INFO [o.n.k.i.DiagnosticsManager] C:\Windows\System32\WindowsPowerShell\v1.0
2018-10-20 23:09:21.134+0000 INFO [o.n.k.i.DiagnosticsManager] C:\Program Files\dotnet
2018-10-20 23:09:21.134+0000 INFO [o.n.k.i.DiagnosticsManager] C:\Program Files\Microsoft SQL Server\130\Tools\Binn
2018-10-20 23:09:21.134+0000 INFO [o.n.k.i.DiagnosticsManager] C:\Windows\System32\OpenSSH
2018-10-20 23:09:21.134+0000 INFO [o.n.k.i.DiagnosticsManager] C:\Program Files (x86)\NVIDIA Corporation\PhysX\Common
2018-10-20 23:09:21.135+0000 INFO [o.n.k.i.DiagnosticsManager] C:\Program Files (x86)\Microsoft SQL Server\Client SDK\ODBC\130\Tools\Binn
2018-10-20 23:09:21.135+0000 INFO [o.n.k.i.DiagnosticsManager] C:\Program Files (x86)\Microsoft SQL Server\140\Tools\Binn
2018-10-20 23:09:21.135+0000 INFO [o.n.k.i.DiagnosticsManager] C:\Program Files (x86)\Microsoft SQL Server\140\DTS\Binn
2018-10-20 23:09:21.136+0000 INFO [o.n.k.i.DiagnosticsManager] C:\Program Files (x86)\Microsoft SQL Server\140\Tools\Binn\ManagementStudio
2018-10-20 23:09:21.136+0000 INFO [o.n.k.i.DiagnosticsManager] C:\Program Files\Microsoft SQL Server\Client SDK\ODBC\130\Tools\Binn
2018-10-20 23:09:21.136+0000 INFO [o.n.k.i.DiagnosticsManager] C:\Program Files\Microsoft SQL Server\140\Tools\Binn
2018-10-20 23:09:21.137+0000 INFO [o.n.k.i.DiagnosticsManager] C:\Program Files\Microsoft SQL Server\140\DTS\Binn
2018-10-20 23:09:21.137+0000 INFO [o.n.k.i.DiagnosticsManager] C:\Program Files (x86)\Microsoft SQL Server\110\DTS\Binn
2018-10-20 23:09:21.137+0000 INFO [o.n.k.i.DiagnosticsManager] C:\Program Files (x86)\Microsoft SQL Server\120\DTS\Binn
2018-10-20 23:09:21.137+0000 INFO [o.n.k.i.DiagnosticsManager] C:\Program Files (x86)\Microsoft SQL Server\130\DTS\Binn
2018-10-20 23:09:21.138+0000 INFO [o.n.k.i.DiagnosticsManager] C:\Program Files (x86)\Microsoft SQL Server\150\DTS\Binn
2018-10-20 23:09:21.138+0000 INFO [o.n.k.i.DiagnosticsManager] C:\Program Files\Java\jdk-10.0.1\bin
2018-10-20 23:09:21.138+0000 INFO [o.n.k.i.DiagnosticsManager] C:\Program Files\Java\jdk-10.0.1
2018-10-20 23:09:21.138+0000 INFO [o.n.k.i.DiagnosticsManager] C:\Users\rober\AppData\Local\Microsoft\WindowsApps
2018-10-20 23:09:21.139+0000 INFO [o.n.k.i.DiagnosticsManager] C:\Users\rober\AppData\Local\GitHubDesktop\bin
2018-10-20 23:09:21.139+0000 INFO [o.n.k.i.DiagnosticsManager] C:\intelFPGA_lite\18.0\modelsim_ase\win32aloem
2018-10-20 23:09:21.139+0000 INFO [o.n.k.i.DiagnosticsManager] D:\Documentos\work\SharedFolder\bases\Project2\JAVA\Neo4jDatabaseGenerator\Neo4jSpecies
2018-10-20 23:09:21.139+0000 INFO [o.n.k.i.DiagnosticsManager] System.properties:
2018-10-20 23:09:21.139+0000 INFO [o.n.k.i.DiagnosticsManager] sun.desktop = windows
2018-10-20 23:09:21.139+0000 INFO [o.n.k.i.DiagnosticsManager] awt.toolkit = sun.awt.windows.WToolkit
2018-10-20 23:09:21.139+0000 INFO [o.n.k.i.DiagnosticsManager] file.encoding.pkg = sun.io
2018-10-20 23:09:21.139+0000 INFO [o.n.k.i.DiagnosticsManager] sun.cpu.isalist = amd64
2018-10-20 23:09:21.139+0000 INFO [o.n.k.i.DiagnosticsManager] sun.jnu.encoding = Cp1252
2018-10-20 23:09:21.139+0000 INFO [o.n.k.i.DiagnosticsManager] sun.arch.data.model = 64
2018-10-20 23:09:21.139+0000 INFO [o.n.k.i.DiagnosticsManager] user.variant = 
2018-10-20 23:09:21.139+0000 INFO [o.n.k.i.DiagnosticsManager] user.timezone = America/Regina
2018-10-20 23:09:21.139+0000 INFO [o.n.k.i.DiagnosticsManager] sun.java.launcher = SUN_STANDARD
2018-10-20 23:09:21.139+0000 INFO [o.n.k.i.DiagnosticsManager] user.country = MX
2018-10-20 23:09:21.139+0000 INFO [o.n.k.i.DiagnosticsManager] sun.boot.library.path = C:\Program Files\Java\jre-10.0.1\bin
2018-10-20 23:09:21.139+0000 INFO [o.n.k.i.DiagnosticsManager] sun.java.command = EmbeddedNeo4j
2018-10-20 23:09:21.139+0000 INFO [o.n.k.i.DiagnosticsManager] jdk.debug = release
2018-10-20 23:09:21.139+0000 INFO [o.n.k.i.DiagnosticsManager] sun.cpu.endian = little
2018-10-20 23:09:21.139+0000 INFO [o.n.k.i.DiagnosticsManager] user.home = C:\Users\rober
2018-10-20 23:09:21.140+0000 INFO [o.n.k.i.DiagnosticsManager] user.language = es
2018-10-20 23:09:21.140+0000 INFO [o.n.k.i.DiagnosticsManager] sun.stderr.encoding = cp850
2018-10-20 23:09:21.140+0000 INFO [o.n.k.i.DiagnosticsManager] file.separator = \
2018-10-20 23:09:21.140+0000 INFO [o.n.k.i.DiagnosticsManager] sun.stdout.encoding = cp850
2018-10-20 23:09:21.140+0000 INFO [o.n.k.i.DiagnosticsManager] user.script = 
2018-10-20 23:09:21.140+0000 INFO [o.n.k.i.DiagnosticsManager] sun.management.compiler = HotSpot 64-Bit Tiered Compilers
2018-10-20 23:09:21.140+0000 INFO [o.n.k.i.DiagnosticsManager] user.name = roberto_pc
2018-10-20 23:09:21.140+0000 INFO [o.n.k.i.DiagnosticsManager] path.separator = ;
2018-10-20 23:09:21.140+0000 INFO [o.n.k.i.DiagnosticsManager] file.encoding = Cp1252
2018-10-20 23:09:21.140+0000 INFO [o.n.k.i.DiagnosticsManager] user.dir = D:\Documentos\work\SharedFolder\bases\Project2\JAVA\Neo4jDatabaseGenerator\Neo4jSpecies
2018-10-20 23:09:21.140+0000 INFO [o.n.k.i.DiagnosticsManager] sun.os.patch.level = 
2018-10-20 23:09:21.140+0000 INFO [o.n.k.i.DiagnosticsManager] sun.io.unicode.encoding = UnicodeLittle
2018-10-20 23:09:21.140+0000 INFO [o.n.k.i.DiagnosticsManager] (IANA) TimeZone Database Version:
2018-10-20 23:09:21.162+0000 INFO [o.n.k.i.DiagnosticsManager]   TimeZone version: 2018c (available for 599 zone identifiers)
2018-10-20 23:09:21.162+0000 INFO [o.n.k.i.DiagnosticsManager] Network information:
2018-10-20 23:09:21.242+0000 INFO [o.n.k.i.DiagnosticsManager] Interface Software Loopback Interface 1:
2018-10-20 23:09:21.242+0000 INFO [o.n.k.i.DiagnosticsManager]     address: 127.0.0.1
2018-10-20 23:09:21.243+0000 INFO [o.n.k.i.DiagnosticsManager]     address: 0:0:0:0:0:0:0:1
2018-10-20 23:09:21.243+0000 INFO [o.n.k.i.DiagnosticsManager] Interface Microsoft 6to4 Adapter:
2018-10-20 23:09:21.243+0000 INFO [o.n.k.i.DiagnosticsManager] Interface WAN Miniport (SSTP):
2018-10-20 23:09:21.243+0000 INFO [o.n.k.i.DiagnosticsManager] Interface Microsoft IP-HTTPS Platform Adapter:
2018-10-20 23:09:21.243+0000 INFO [o.n.k.i.DiagnosticsManager] Interface Realtek PCIe GBE Family Controller:
2018-10-20 23:09:21.243+0000 INFO [o.n.k.i.DiagnosticsManager]     address: 192.168.1.90
2018-10-20 23:09:21.243+0000 INFO [o.n.k.i.DiagnosticsManager]     address: fe80:0:0:0:7d82:276e:7e56:1460%eth0
2018-10-20 23:09:21.243+0000 INFO [o.n.k.i.DiagnosticsManager] Interface VirtualBox Host-Only Ethernet Adapter:
2018-10-20 23:09:21.243+0000 INFO [o.n.k.i.DiagnosticsManager]     address: 192.168.56.1
2018-10-20 23:09:21.243+0000 INFO [o.n.k.i.DiagnosticsManager]     address: fe80:0:0:0:6907:6a50:1737:b27f%eth1
2018-10-20 23:09:21.243+0000 INFO [o.n.k.i.DiagnosticsManager] Interface SAMSUNG Mobile USB Remote NDIS Network Device:
2018-10-20 23:09:21.243+0000 INFO [o.n.k.i.DiagnosticsManager] Interface WAN Miniport (PPPOE):
2018-10-20 23:09:21.243+0000 INFO [o.n.k.i.DiagnosticsManager] Interface WAN Miniport (Network Monitor):
2018-10-20 23:09:21.243+0000 INFO [o.n.k.i.DiagnosticsManager] Interface WAN Miniport (L2TP):
2018-10-20 23:09:21.243+0000 INFO [o.n.k.i.DiagnosticsManager] Interface WAN Miniport (PPTP):
2018-10-20 23:09:21.243+0000 INFO [o.n.k.i.DiagnosticsManager] Interface Microsoft Kernel Debug Network Adapter:
2018-10-20 23:09:21.243+0000 INFO [o.n.k.i.DiagnosticsManager] Interface VMware Virtual Ethernet Adapter for VMnet1:
2018-10-20 23:09:21.243+0000 INFO [o.n.k.i.DiagnosticsManager]     address: 192.168.148.1
2018-10-20 23:09:21.243+0000 INFO [o.n.k.i.DiagnosticsManager]     address: fe80:0:0:0:f53f:a61e:8b18:3783%eth5
2018-10-20 23:09:21.243+0000 INFO [o.n.k.i.DiagnosticsManager] Interface TAP-Windows Adapter V9:
2018-10-20 23:09:21.243+0000 INFO [o.n.k.i.DiagnosticsManager]     address: fe80:0:0:0:1d52:305a:af50:75f7%eth6
2018-10-20 23:09:21.243+0000 INFO [o.n.k.i.DiagnosticsManager] Interface Microsoft Teredo Tunneling Adapter:
2018-10-20 23:09:21.243+0000 INFO [o.n.k.i.DiagnosticsManager] Interface WAN Miniport (IP):
2018-10-20 23:09:21.243+0000 INFO [o.n.k.i.DiagnosticsManager] Interface WAN Miniport (IPv6):
2018-10-20 23:09:21.243+0000 INFO [o.n.k.i.DiagnosticsManager] Interface VMware Virtual Ethernet Adapter for VMnet8:
2018-10-20 23:09:21.243+0000 INFO [o.n.k.i.DiagnosticsManager]     address: 192.168.112.1
2018-10-20 23:09:21.244+0000 INFO [o.n.k.i.DiagnosticsManager]     address: fe80:0:0:0:a461:fccb:9b19:d352%eth9
2018-10-20 23:09:21.244+0000 INFO [o.n.k.i.DiagnosticsManager] Interface RAS Async Adapter:
2018-10-20 23:09:21.244+0000 INFO [o.n.k.i.DiagnosticsManager] Interface WAN Miniport (IKEv2):
2018-10-20 23:09:21.244+0000 INFO [o.n.k.i.DiagnosticsManager] Interface TAP-Windows Adapter V9-WFP Native MAC Layer LightWeight Filter-0000:
2018-10-20 23:09:21.244+0000 INFO [o.n.k.i.DiagnosticsManager] Interface TAP-Windows Adapter V9-VirtualBox NDIS Light-Weight Filter-0000:
2018-10-20 23:09:21.244+0000 INFO [o.n.k.i.DiagnosticsManager] Interface TAP-Windows Adapter V9-QoS Packet Scheduler-0000:
2018-10-20 23:09:21.244+0000 INFO [o.n.k.i.DiagnosticsManager] Interface TAP-Windows Adapter V9-WFP 802.3 MAC Layer LightWeight Filter-0000:
2018-10-20 23:09:21.244+0000 INFO [o.n.k.i.DiagnosticsManager] Interface VirtualBox Host-Only Ethernet Adapter-WFP Native MAC Layer LightWeight Filter-0000:
2018-10-20 23:09:21.244+0000 INFO [o.n.k.i.DiagnosticsManager] Interface VirtualBox Host-Only Ethernet Adapter-QoS Packet Scheduler-0000:
2018-10-20 23:09:21.244+0000 INFO [o.n.k.i.DiagnosticsManager] Interface VirtualBox Host-Only Ethernet Adapter-WFP 802.3 MAC Layer LightWeight Filter-0000:
2018-10-20 23:09:21.244+0000 INFO [o.n.k.i.DiagnosticsManager] Interface Realtek PCIe GBE Family Controller-WFP Native MAC Layer LightWeight Filter-0000:
2018-10-20 23:09:21.244+0000 INFO [o.n.k.i.DiagnosticsManager] Interface Realtek PCIe GBE Family Controller-VirtualBox NDIS Light-Weight Filter-0000:
2018-10-20 23:09:21.244+0000 INFO [o.n.k.i.DiagnosticsManager] Interface Realtek PCIe GBE Family Controller-QoS Packet Scheduler-0000:
2018-10-20 23:09:21.244+0000 INFO [o.n.k.i.DiagnosticsManager] Interface Realtek PCIe GBE Family Controller-WFP 802.3 MAC Layer LightWeight Filter-0000:
2018-10-20 23:09:21.244+0000 INFO [o.n.k.i.DiagnosticsManager] Interface WAN Miniport (IP)-WFP Native MAC Layer LightWeight Filter-0000:
2018-10-20 23:09:21.244+0000 INFO [o.n.k.i.DiagnosticsManager] Interface WAN Miniport (IP)-QoS Packet Scheduler-0000:
2018-10-20 23:09:21.244+0000 INFO [o.n.k.i.DiagnosticsManager] Interface WAN Miniport (IPv6)-WFP Native MAC Layer LightWeight Filter-0000:
2018-10-20 23:09:21.244+0000 INFO [o.n.k.i.DiagnosticsManager] Interface WAN Miniport (IPv6)-QoS Packet Scheduler-0000:
2018-10-20 23:09:21.244+0000 INFO [o.n.k.i.DiagnosticsManager] Interface WAN Miniport (Network Monitor)-WFP Native MAC Layer LightWeight Filter-0000:
2018-10-20 23:09:21.244+0000 INFO [o.n.k.i.DiagnosticsManager] Interface WAN Miniport (Network Monitor)-QoS Packet Scheduler-0000:
2018-10-20 23:09:21.244+0000 INFO [o.n.k.i.DiagnosticsManager] --- INITIALIZED diagnostics END ---
2018-10-20 23:09:21.350+0000 INFO [o.n.m.MetricsExtension] Initiating metrics...
2018-10-20 23:09:21.511+0000 INFO [o.n.k.i.s.f.RecordFormatSelector] Selected format 'RecordFormat:StandardV3_4[v0.A.9]' for the new store
2018-10-20 23:09:23.416+0000 INFO [o.n.k.i.i.l.NativeLabelScanStore] No label index found, this might just be first use. Preparing to rebuild.
2018-10-20 23:09:23.576+0000 INFO [o.n.k.NeoStoreDataSource] Rotated to transaction log [D:\Documentos\work\SharedFolder\bases\Project2\JAVA\Neo4jDatabaseGenerator\Neo4jSpecies\databases\species\neostore.transaction.db.0] version=0, last transaction in previous log=1
2018-10-20 23:09:23.595+0000 INFO [o.n.k.NeoStoreDataSource] No commits found after last check point (which is at <no log position given>)
2018-10-20 23:09:23.611+0000 WARN [o.n.k.i.s.MetaDataStore] Missing counts store, rebuilding it.
2018-10-20 23:09:23.713+0000 WARN [o.n.k.i.s.MetaDataStore] Counts store rebuild completed.
2018-10-20 23:09:23.728+0000 INFO [o.n.k.i.i.l.NativeLabelScanStore] Rebuilding label index, this may take a while
2018-10-20 23:09:23.817+0000 INFO [o.n.k.i.i.l.NativeLabelScanStore] Label index rebuilt (roughly 0 nodes)
2018-10-20 23:09:23.834+0000 INFO [o.n.k.i.DatabaseHealth] Database health set to OK
2018-10-20 23:09:24.018+0000 INFO [o.n.m.MetricsExtension] Sending metrics to CSV file at D:\Documentos\work\SharedFolder\bases\Project2\JAVA\Neo4jDatabaseGenerator\Neo4jSpecies\databases\species\metrics
2018-10-20 23:09:24.089+0000 INFO [o.n.b.i.BackupServer] BackupServer communication server started and bound to /127.0.0.1:6363
2018-10-20 23:09:24.096+0000 INFO [o.n.k.AvailabilityGuard] Fulfilling of requirement makes database available: Database available
2018-10-20 23:09:24.096+0000 INFO [o.n.k.i.f.GraphDatabaseFacadeFactory] Database is now ready
2018-10-20 23:09:24.097+0000 INFO [o.n.k.i.DiagnosticsManager] --- STARTED diagnostics for KernelDiagnostics:Versions START ---
2018-10-20 23:09:24.098+0000 INFO [o.n.k.i.DiagnosticsManager] Graph Database: community single StoreId{creationTime=1540076963185, randomId=-3077920920558454087, storeVersion=16094931155187206, upgradeTime=1540076963185, upgradeId=1}
2018-10-20 23:09:24.098+0000 INFO [o.n.k.i.DiagnosticsManager] Kernel version: 3.4.9,07b351edac667f6381c0e11250a9961a9972fa3a
2018-10-20 23:09:24.098+0000 INFO [o.n.k.i.DiagnosticsManager] --- STARTED diagnostics for KernelDiagnostics:Versions END ---
2018-10-20 23:09:24.100+0000 INFO [o.n.k.i.DiagnosticsManager] --- STARTED diagnostics for NEO_STORE_VERSIONS START ---
2018-10-20 23:09:24.100+0000 INFO [o.n.k.i.DiagnosticsManager] Store versions:
2018-10-20 23:09:24.100+0000 INFO [o.n.k.i.DiagnosticsManager] Store versions:
2018-10-20 23:09:24.100+0000 INFO [o.n.k.i.DiagnosticsManager]   ArrayPropertyStore v0.A.9
2018-10-20 23:09:24.100+0000 INFO [o.n.k.i.DiagnosticsManager]   NodeStore v0.A.9
2018-10-20 23:09:24.100+0000 INFO [o.n.k.i.DiagnosticsManager]   StringPropertyStore v0.A.9
2018-10-20 23:09:24.100+0000 INFO [o.n.k.i.DiagnosticsManager]   PropertyIndexStore v0.A.9
2018-10-20 23:09:24.101+0000 INFO [o.n.k.i.DiagnosticsManager]   StringPropertyStore v0.A.9
2018-10-20 23:09:24.101+0000 INFO [o.n.k.i.DiagnosticsManager]   ArrayPropertyStore v0.A.9
2018-10-20 23:09:24.101+0000 INFO [o.n.k.i.DiagnosticsManager]   PropertyStore v0.A.9
2018-10-20 23:09:24.101+0000 INFO [o.n.k.i.DiagnosticsManager]   RelationshipStore v0.A.9
2018-10-20 23:09:24.101+0000 INFO [o.n.k.i.DiagnosticsManager]   StringPropertyStore v0.A.9
2018-10-20 23:09:24.101+0000 INFO [o.n.k.i.DiagnosticsManager]   RelationshipTypeStore v0.A.9
2018-10-20 23:09:24.101+0000 INFO [o.n.k.i.DiagnosticsManager]   StringPropertyStore v0.A.9
2018-10-20 23:09:24.101+0000 INFO [o.n.k.i.DiagnosticsManager]   LabelTokenStore v0.A.9
2018-10-20 23:09:24.102+0000 INFO [o.n.k.i.DiagnosticsManager]   SchemaStore v0.A.9
2018-10-20 23:09:24.102+0000 INFO [o.n.k.i.DiagnosticsManager]   RelationshipGroupStore v0.A.9
2018-10-20 23:09:24.102+0000 INFO [o.n.k.i.DiagnosticsManager]   NeoStore v0.A.9
2018-10-20 23:09:24.102+0000 INFO [o.n.k.i.DiagnosticsManager] --- STARTED diagnostics for NEO_STORE_VERSIONS END ---
2018-10-20 23:09:24.102+0000 INFO [o.n.k.i.DiagnosticsManager] --- STARTED diagnostics for NEO_STORE_ID_USAGE START ---
2018-10-20 23:09:24.102+0000 INFO [o.n.k.i.DiagnosticsManager] Id usage:
2018-10-20 23:09:24.102+0000 INFO [o.n.k.i.DiagnosticsManager] Id usage:
2018-10-20 23:09:24.103+0000 INFO [o.n.k.i.DiagnosticsManager]   ArrayPropertyStore: used=1 high=0
2018-10-20 23:09:24.103+0000 INFO [o.n.k.i.DiagnosticsManager]   NodeStore: used=0 high=-1
2018-10-20 23:09:24.103+0000 INFO [o.n.k.i.DiagnosticsManager]   StringPropertyStore: used=1 high=0
2018-10-20 23:09:24.103+0000 INFO [o.n.k.i.DiagnosticsManager]   PropertyIndexStore: used=0 high=-1
2018-10-20 23:09:24.103+0000 INFO [o.n.k.i.DiagnosticsManager]   StringPropertyStore: used=1 high=0
2018-10-20 23:09:24.103+0000 INFO [o.n.k.i.DiagnosticsManager]   ArrayPropertyStore: used=1 high=0
2018-10-20 23:09:24.103+0000 INFO [o.n.k.i.DiagnosticsManager]   PropertyStore: used=0 high=-1
2018-10-20 23:09:24.103+0000 INFO [o.n.k.i.DiagnosticsManager]   RelationshipStore: used=0 high=-1
2018-10-20 23:09:24.104+0000 INFO [o.n.k.i.DiagnosticsManager]   StringPropertyStore: used=1 high=0
2018-10-20 23:09:24.104+0000 INFO [o.n.k.i.DiagnosticsManager]   RelationshipTypeStore: used=0 high=-1
2018-10-20 23:09:24.104+0000 INFO [o.n.k.i.DiagnosticsManager]   StringPropertyStore: used=1 high=0
2018-10-20 23:09:24.104+0000 INFO [o.n.k.i.DiagnosticsManager]   LabelTokenStore: used=0 high=-1
2018-10-20 23:09:24.104+0000 INFO [o.n.k.i.DiagnosticsManager]   SchemaStore: used=1 high=0
2018-10-20 23:09:24.104+0000 INFO [o.n.k.i.DiagnosticsManager]   RelationshipGroupStore: used=1 high=0
2018-10-20 23:09:24.104+0000 INFO [o.n.k.i.DiagnosticsManager]   NeoStore: used=15 high=14
2018-10-20 23:09:24.104+0000 INFO [o.n.k.i.DiagnosticsManager] --- STARTED diagnostics for NEO_STORE_ID_USAGE END ---
2018-10-20 23:09:24.104+0000 INFO [o.n.k.i.DiagnosticsManager] --- STARTED diagnostics for NEO_STORE_RECORDS START ---
2018-10-20 23:09:24.104+0000 INFO [o.n.k.i.DiagnosticsManager] Neostore records:
2018-10-20 23:09:24.105+0000 INFO [o.n.k.i.DiagnosticsManager] TIME (Creation time): 1540076963185
2018-10-20 23:09:24.105+0000 INFO [o.n.k.i.DiagnosticsManager] RANDOM_NUMBER (Random number for store id): -3077920920558454087
2018-10-20 23:09:24.105+0000 INFO [o.n.k.i.DiagnosticsManager] LOG_VERSION (Current log version): 0
2018-10-20 23:09:24.105+0000 INFO [o.n.k.i.DiagnosticsManager] LAST_TRANSACTION_ID (Last committed transaction): 1
2018-10-20 23:09:24.105+0000 INFO [o.n.k.i.DiagnosticsManager] STORE_VERSION (Store format version): 16094931155187206
2018-10-20 23:09:24.105+0000 INFO [o.n.k.i.DiagnosticsManager] FIRST_GRAPH_PROPERTY (First property record containing graph properties): -1
2018-10-20 23:09:24.105+0000 INFO [o.n.k.i.DiagnosticsManager] LAST_CONSTRAINT_TRANSACTION (Last committed transaction containing constraint changes): 0
2018-10-20 23:09:24.105+0000 INFO [o.n.k.i.DiagnosticsManager] UPGRADE_TRANSACTION_ID (Transaction id most recent upgrade was performed at): 1
2018-10-20 23:09:24.105+0000 INFO [o.n.k.i.DiagnosticsManager] UPGRADE_TIME (Time of last upgrade): 1540076963185
2018-10-20 23:09:24.105+0000 INFO [o.n.k.i.DiagnosticsManager] LAST_TRANSACTION_CHECKSUM (Checksum of last committed transaction): 0
2018-10-20 23:09:24.106+0000 INFO [o.n.k.i.DiagnosticsManager] UPGRADE_TRANSACTION_CHECKSUM (Checksum of transaction id the most recent upgrade was performed at): 0
2018-10-20 23:09:24.106+0000 INFO [o.n.k.i.DiagnosticsManager] LAST_CLOSED_TRANSACTION_LOG_VERSION (Log version where the last transaction commit entry has been written into): 0
2018-10-20 23:09:24.106+0000 INFO [o.n.k.i.DiagnosticsManager] LAST_CLOSED_TRANSACTION_LOG_BYTE_OFFSET (Byte offset in the log file where the last transaction commit entry has been written into): 16
2018-10-20 23:09:24.106+0000 INFO [o.n.k.i.DiagnosticsManager] LAST_TRANSACTION_COMMIT_TIMESTAMP (Commit time timestamp for last committed transaction): 0
2018-10-20 23:09:24.106+0000 INFO [o.n.k.i.DiagnosticsManager] UPGRADE_TRANSACTION_COMMIT_TIMESTAMP (Commit timestamp of transaction the most recent upgrade was performed at): 0
2018-10-20 23:09:24.106+0000 INFO [o.n.k.i.DiagnosticsManager] --- STARTED diagnostics for NEO_STORE_RECORDS END ---
2018-10-20 23:09:24.107+0000 INFO [o.n.k.i.DiagnosticsManager] --- STARTED diagnostics for TRANSACTION_RANGE START ---
2018-10-20 23:09:24.107+0000 INFO [o.n.k.i.DiagnosticsManager] Transaction log:
2018-10-20 23:09:24.107+0000 INFO [o.n.k.i.DiagnosticsManager] No transactions found in any log
2018-10-20 23:09:24.108+0000 INFO [o.n.k.i.DiagnosticsManager] --- STARTED diagnostics for TRANSACTION_RANGE END ---
2018-10-20 23:09:24.110+0000 INFO [o.n.k.i.DiagnosticsManager] --- STARTED diagnostics for KernelDiagnostics:StoreFiles START ---
2018-10-20 23:09:24.112+0000 INFO [o.n.k.i.DiagnosticsManager] Disk space on partition (Total / Free / Free %): 2000396742656 / 62207410176 / 3
2018-10-20 23:09:24.112+0000 INFO [o.n.k.i.DiagnosticsManager] Storage files: (filename : modification date - size)
2018-10-20 23:09:24.113+0000 INFO [o.n.k.i.DiagnosticsManager]   index:
2018-10-20 23:09:24.114+0000 INFO [o.n.k.i.DiagnosticsManager]   - Total: 2018-10-20T17:09:23-0600 - 0.00 B
2018-10-20 23:09:24.114+0000 INFO [o.n.k.i.DiagnosticsManager]   logs:
2018-10-20 23:09:24.117+0000 INFO [o.n.k.i.DiagnosticsManager]     debug.log: 2018-10-20T17:09:22-0600 - 53.45 kB
2018-10-20 23:09:24.117+0000 INFO [o.n.k.i.DiagnosticsManager]   - Total: 2018-10-20T17:09:20-0600 - 53.45 kB
2018-10-20 23:09:24.117+0000 INFO [o.n.k.i.DiagnosticsManager]   metrics:
2018-10-20 23:09:24.117+0000 INFO [o.n.k.i.DiagnosticsManager]   - Total: 2018-10-20T17:09:21-0600 - 0.00 B
2018-10-20 23:09:24.118+0000 INFO [o.n.k.i.DiagnosticsManager]   neostore: 2018-10-20T17:09:23-0600 - 8.00 kB
2018-10-20 23:09:24.118+0000 INFO [o.n.k.i.DiagnosticsManager]   neostore.counts.db.a: 2018-10-20T17:09:23-0600 - 96.00 B
2018-10-20 23:09:24.119+0000 INFO [o.n.k.i.DiagnosticsManager]   neostore.id: 2018-10-20T17:09:23-0600 - 9.00 B
2018-10-20 23:09:24.128+0000 INFO [o.n.k.i.DiagnosticsManager]   neostore.labelscanstore.db: 2018-10-20T17:09:23-0600 - 40.00 kB
2018-10-20 23:09:24.128+0000 INFO [o.n.k.i.DiagnosticsManager]   neostore.labeltokenstore.db: 2018-10-20T17:09:22-0600 - 0.00 B
2018-10-20 23:09:24.129+0000 INFO [o.n.k.i.DiagnosticsManager]   neostore.labeltokenstore.db.id: 2018-10-20T17:09:22-0600 - 9.00 B
2018-10-20 23:09:24.129+0000 INFO [o.n.k.i.DiagnosticsManager]   neostore.labeltokenstore.db.names: 2018-10-20T17:09:22-0600 - 8.00 kB
2018-10-20 23:09:24.130+0000 INFO [o.n.k.i.DiagnosticsManager]   neostore.labeltokenstore.db.names.id: 2018-10-20T17:09:22-0600 - 9.00 B
2018-10-20 23:09:24.130+0000 INFO [o.n.k.i.DiagnosticsManager]   neostore.nodestore.db: 2018-10-20T17:09:21-0600 - 0.00 B
2018-10-20 23:09:24.131+0000 INFO [o.n.k.i.DiagnosticsManager]   neostore.nodestore.db.id: 2018-10-20T17:09:21-0600 - 9.00 B
2018-10-20 23:09:24.131+0000 INFO [o.n.k.i.DiagnosticsManager]   neostore.nodestore.db.labels: 2018-10-20T17:09:21-0600 - 8.00 kB
2018-10-20 23:09:24.132+0000 INFO [o.n.k.i.DiagnosticsManager]   neostore.nodestore.db.labels.id: 2018-10-20T17:09:21-0600 - 9.00 B
2018-10-20 23:09:24.132+0000 INFO [o.n.k.i.DiagnosticsManager]   neostore.propertystore.db: 2018-10-20T17:09:22-0600 - 0.00 B
2018-10-20 23:09:24.132+0000 INFO [o.n.k.i.DiagnosticsManager]   neostore.propertystore.db.arrays: 2018-10-20T17:09:22-0600 - 8.00 kB
2018-10-20 23:09:24.133+0000 INFO [o.n.k.i.DiagnosticsManager]   neostore.propertystore.db.arrays.id: 2018-10-20T17:09:22-0600 - 9.00 B
2018-10-20 23:09:24.133+0000 INFO [o.n.k.i.DiagnosticsManager]   neostore.propertystore.db.id: 2018-10-20T17:09:22-0600 - 9.00 B
2018-10-20 23:09:24.134+0000 INFO [o.n.k.i.DiagnosticsManager]   neostore.propertystore.db.index: 2018-10-20T17:09:22-0600 - 0.00 B
2018-10-20 23:09:24.134+0000 INFO [o.n.k.i.DiagnosticsManager]   neostore.propertystore.db.index.id: 2018-10-20T17:09:22-0600 - 9.00 B
2018-10-20 23:09:24.135+0000 INFO [o.n.k.i.DiagnosticsManager]   neostore.propertystore.db.index.keys: 2018-10-20T17:09:21-0600 - 8.00 kB
2018-10-20 23:09:24.135+0000 INFO [o.n.k.i.DiagnosticsManager]   neostore.propertystore.db.index.keys.id: 2018-10-20T17:09:21-0600 - 9.00 B
2018-10-20 23:09:24.135+0000 INFO [o.n.k.i.DiagnosticsManager]   neostore.propertystore.db.strings: 2018-10-20T17:09:22-0600 - 8.00 kB
2018-10-20 23:09:24.136+0000 INFO [o.n.k.i.DiagnosticsManager]   neostore.propertystore.db.strings.id: 2018-10-20T17:09:22-0600 - 9.00 B
2018-10-20 23:09:24.136+0000 INFO [o.n.k.i.DiagnosticsManager]   neostore.relationshipgroupstore.db: 2018-10-20T17:09:23-0600 - 8.00 kB
2018-10-20 23:09:24.137+0000 INFO [o.n.k.i.DiagnosticsManager]   neostore.relationshipgroupstore.db.id: 2018-10-20T17:09:23-0600 - 9.00 B
2018-10-20 23:09:24.137+0000 INFO [o.n.k.i.DiagnosticsManager]   neostore.relationshipstore.db: 2018-10-20T17:09:22-0600 - 0.00 B
2018-10-20 23:09:24.138+0000 INFO [o.n.k.i.DiagnosticsManager]   neostore.relationshipstore.db.id: 2018-10-20T17:09:22-0600 - 9.00 B
2018-10-20 23:09:24.138+0000 INFO [o.n.k.i.DiagnosticsManager]   neostore.relationshiptypestore.db: 2018-10-20T17:09:22-0600 - 0.00 B
2018-10-20 23:09:24.139+0000 INFO [o.n.k.i.DiagnosticsManager]   neostore.relationshiptypestore.db.id: 2018-10-20T17:09:22-0600 - 9.00 B
2018-10-20 23:09:24.139+0000 INFO [o.n.k.i.DiagnosticsManager]   neostore.relationshiptypestore.db.names: 2018-10-20T17:09:22-0600 - 8.00 kB
2018-10-20 23:09:24.140+0000 INFO [o.n.k.i.DiagnosticsManager]   neostore.relationshiptypestore.db.names.id: 2018-10-20T17:09:22-0600 - 9.00 B
2018-10-20 23:09:24.140+0000 INFO [o.n.k.i.DiagnosticsManager]   neostore.schemastore.db: 2018-10-20T17:09:22-0600 - 8.00 kB
2018-10-20 23:09:24.141+0000 INFO [o.n.k.i.DiagnosticsManager]   neostore.schemastore.db.id: 2018-10-20T17:09:22-0600 - 9.00 B
2018-10-20 23:09:24.141+0000 INFO [o.n.k.i.DiagnosticsManager]   neostore.transaction.db.0: 2018-10-20T17:09:23-0600 - 16.00 B
2018-10-20 23:09:24.141+0000 INFO [o.n.k.i.DiagnosticsManager]   profiles:
2018-10-20 23:09:24.141+0000 INFO [o.n.k.i.DiagnosticsManager]     neostore.0.cacheprof: 2018-10-20T17:09:24-0600 - 21.00 B
2018-10-20 23:09:24.142+0000 INFO [o.n.k.i.DiagnosticsManager]     neostore.counts.db.a.0.cacheprof: 2018-10-20T17:09:24-0600 - 21.00 B
2018-10-20 23:09:24.142+0000 INFO [o.n.k.i.DiagnosticsManager]     neostore.labelscanstore.db.0.cacheprof: 2018-10-20T17:09:24-0600 - 21.00 B
2018-10-20 23:09:24.142+0000 INFO [o.n.k.i.DiagnosticsManager]     neostore.labeltokenstore.db.0.cacheprof: 2018-10-20T17:09:24-0600 - 21.00 B
2018-10-20 23:09:24.142+0000 INFO [o.n.k.i.DiagnosticsManager]     neostore.labeltokenstore.db.names.0.cacheprof: 2018-10-20T17:09:24-0600 - 21.00 B
2018-10-20 23:09:24.142+0000 INFO [o.n.k.i.DiagnosticsManager]     neostore.nodestore.db.0.cacheprof: 2018-10-20T17:09:24-0600 - 21.00 B
2018-10-20 23:09:24.143+0000 INFO [o.n.k.i.DiagnosticsManager]     neostore.nodestore.db.labels.0.cacheprof: 2018-10-20T17:09:24-0600 - 21.00 B
2018-10-20 23:09:24.143+0000 INFO [o.n.k.i.DiagnosticsManager]     neostore.propertystore.db.0.cacheprof: 2018-10-20T17:09:24-0600 - 21.00 B
2018-10-20 23:09:24.143+0000 INFO [o.n.k.i.DiagnosticsManager]     neostore.propertystore.db.arrays.0.cacheprof: 2018-10-20T17:09:24-0600 - 21.00 B
2018-10-20 23:09:24.143+0000 INFO [o.n.k.i.DiagnosticsManager]     neostore.propertystore.db.index.0.cacheprof: 2018-10-20T17:09:24-0600 - 21.00 B
2018-10-20 23:09:24.143+0000 INFO [o.n.k.i.DiagnosticsManager]     neostore.propertystore.db.index.keys.0.cacheprof: 2018-10-20T17:09:24-0600 - 21.00 B
2018-10-20 23:09:24.143+0000 INFO [o.n.k.i.DiagnosticsManager]     neostore.propertystore.db.strings.0.cacheprof: 2018-10-20T17:09:24-0600 - 21.00 B
2018-10-20 23:09:24.144+0000 INFO [o.n.k.i.DiagnosticsManager]     neostore.relationshipgroupstore.db.0.cacheprof: 2018-10-20T17:09:24-0600 - 21.00 B
2018-10-20 23:09:24.144+0000 INFO [o.n.k.i.DiagnosticsManager]     neostore.relationshipstore.db.0.cacheprof: 2018-10-20T17:09:24-0600 - 21.00 B
2018-10-20 23:09:24.144+0000 INFO [o.n.k.i.DiagnosticsManager]     neostore.relationshiptypestore.db.0.cacheprof: 2018-10-20T17:09:24-0600 - 21.00 B
2018-10-20 23:09:24.144+0000 INFO [o.n.k.i.DiagnosticsManager]     neostore.relationshiptypestore.db.names.0.cacheprof: 2018-10-20T17:09:24-0600 - 21.00 B
2018-10-20 23:09:24.144+0000 INFO [o.n.k.i.DiagnosticsManager]     neostore.schemastore.db.0.cacheprof: 2018-10-20T17:09:24-0600 - 21.00 B
2018-10-20 23:09:24.144+0000 INFO [o.n.k.i.DiagnosticsManager]   - Total: 2018-10-20T17:09:24-0600 - 357.00 B
2018-10-20 23:09:24.145+0000 INFO [o.n.k.i.DiagnosticsManager]   store_lock: 2018-10-20T17:09:21-0600 - 0.00 B
2018-10-20 23:09:24.145+0000 INFO [o.n.k.i.DiagnosticsManager] Storage summary: 
2018-10-20 23:09:24.145+0000 INFO [o.n.k.i.DiagnosticsManager]   Total size of store: 166.04 kB
2018-10-20 23:09:24.145+0000 INFO [o.n.k.i.DiagnosticsManager]   Total size of mapped files: 112.00 kB
2018-10-20 23:09:24.145+0000 INFO [o.n.k.i.DiagnosticsManager] --- STARTED diagnostics for KernelDiagnostics:StoreFiles END ---
2018-10-20 23:09:26.269+0000 INFO [o.n.k.i.a.i.IndexPopulationJob] Index population started: [:Animal(IDSpecies) [provider: {key=lucene+native, version=2.0}]]
2018-10-20 23:09:26.343+0000 INFO [o.n.k.i.a.i.IndexPopulationJob] Index population started: [:Vegetal(IDSpecies) [provider: {key=lucene+native, version=2.0}]]
2018-10-20 23:09:26.894+0000 INFO [o.n.k.i.f.GraphDatabaseFacadeFactory] Shutdown started
2018-10-20 23:09:26.895+0000 INFO [o.n.k.i.f.GraphDatabaseFacadeFactory] Database is now unavailable
2018-10-20 23:09:26.896+0000 INFO [o.n.b.i.BackupServer] BackupServer communication server shutting down and unbinding from  /127.0.0.1:6363
2018-10-20 23:09:26.907+0000 INFO [o.n.k.i.t.l.c.CheckPointerImpl] Checkpoint triggered by database shutdown @ txId: 12 checkpoint started...
2018-10-20 23:09:27.065+0000 INFO [o.n.k.i.s.c.CountsTracker] Rotated counts store at transaction 12 to [D:\Documentos\work\SharedFolder\bases\Project2\JAVA\Neo4jDatabaseGenerator\Neo4jSpecies\databases\species\neostore.counts.db.b], from [D:\Documentos\work\SharedFolder\bases\Project2\JAVA\Neo4jDatabaseGenerator\Neo4jSpecies\databases\species\neostore.counts.db.a].
2018-10-20 23:09:27.293+0000 INFO [o.n.k.i.a.i.IndexPopulationJob] Completed node store scan. Flushing all pending updates.
BatchingMultipleIndexPopulator{activeTasks=1, executor=java.util.concurrent.ThreadPoolExecutor@7e56d76c[Running, pool size = 1, active threads = 1, queued tasks = 0, completed tasks = 0], batchedUpdates = [0 updates], queuedUpdates = 0}
2018-10-20 23:09:27.294+0000 INFO [o.n.k.i.a.i.IndexPopulationJob] Shutting down executor.
BatchingMultipleIndexPopulator{activeTasks=2, executor=java.util.concurrent.ThreadPoolExecutor@7e56d76c[Running, pool size = 2, active threads = 2, queued tasks = 0, completed tasks = 0], batchedUpdates = [0 updates], queuedUpdates = 0}
2018-10-20 23:09:27.308+0000 INFO [o.n.k.i.a.i.IndexPopulationJob] Completed node store scan. Flushing all pending updates.
BatchingMultipleIndexPopulator{activeTasks=1, executor=java.util.concurrent.ThreadPoolExecutor@7a3fd3da[Running, pool size = 1, active threads = 1, queued tasks = 0, completed tasks = 0], batchedUpdates = [0 updates], queuedUpdates = 0}
2018-10-20 23:09:27.308+0000 INFO [o.n.k.i.a.i.IndexPopulationJob] Shutting down executor.
BatchingMultipleIndexPopulator{activeTasks=2, executor=java.util.concurrent.ThreadPoolExecutor@7a3fd3da[Running, pool size = 2, active threads = 2, queued tasks = 0, completed tasks = 0], batchedUpdates = [0 updates], queuedUpdates = 0}
2018-10-20 23:09:28.369+0000 INFO [o.n.k.i.t.l.c.CheckPointerImpl] Checkpoint triggered by database shutdown @ txId: 12 checkpoint completed in 1s 461ms
2018-10-20 23:09:28.369+0000 INFO [o.n.k.i.t.l.p.LogPruningImpl] No log version pruned, last checkpoint was made in version 0
2018-10-20 23:09:28.590+0000 INFO [o.n.k.i.a.i.IndexPopulationJob] Index creation finished. Index [:Animal(IDSpecies) [provider: {key=lucene+native, version=2.0}]] is ONLINE.
2018-10-20 23:09:28.620+0000 INFO [o.n.k.i.a.i.IndexPopulationJob] Index creation finished. Index [:Vegetal(IDSpecies) [provider: {key=lucene+native, version=2.0}]] is ONLINE.
2018-10-20 23:09:30.169+0000 INFO [o.n.k.i.DiagnosticsManager] --- STOPPING diagnostics START ---
2018-10-20 23:09:30.169+0000 INFO [o.n.k.i.DiagnosticsManager] --- STOPPING diagnostics END ---
